2019-03-12 08:57:59.694{%PARSER_ERROR[thead]}DEBUG com.testssm.o2o.dao.ShopDao.insertShop - ==>  Preparing: INSERT INTO tb_shop(owner_id,area_id,shop_category_id,shop_name,shop_desc,shop_addr,phone,shop_img ,priority,create_time,last_edit_time,enable_status,advice) VALUE (?,?,?,?,?,? ,?,?,?,?,?,?,?) 
2019-03-12 08:57:59.778{%PARSER_ERROR[thead]}DEBUG com.testssm.o2o.dao.ShopDao.insertShop - ==> Parameters: 1(Long), 2(Integer), 1(Long), 测试的店铺1(String), test1(String), test1(String), test1(String), null, null, 2019-03-12 08:57:59.581(Timestamp), 2019-03-12 08:57:59.581(Timestamp), 0(Integer), 审核中(String)
2019-03-12 08:57:59.784{%PARSER_ERROR[thead]}DEBUG com.testssm.o2o.dao.ShopDao.insertShop - <==    Updates: 1
2019-03-12 09:01:10.832{%PARSER_ERROR[thead]}DEBUG com.testssm.o2o.dao.ShopDao.insertShop - ==>  Preparing: INSERT INTO tb_shop(owner_id,area_id,shop_category_id,shop_name,shop_desc,shop_addr,phone,shop_img ,priority,create_time,last_edit_time,enable_status,advice) VALUE (?,?,?,?,?,? ,?,?,?,?,?,?,?) 
2019-03-12 09:01:11.145{%PARSER_ERROR[thead]}DEBUG com.testssm.o2o.dao.ShopDao.insertShop - ==> Parameters: 1(Long), 2(Integer), 1(Long), 测试的店铺1(String), test1(String), test1(String), test1(String), null, null, 2019-03-12 09:01:08.853(Timestamp), 2019-03-12 09:01:09.734(Timestamp), 0(Integer), 审核中(String)
2019-03-12 09:01:11.158{%PARSER_ERROR[thead]}DEBUG com.testssm.o2o.dao.ShopDao.insertShop - <==    Updates: 1
2019-03-12 09:04:00.517{%PARSER_ERROR[thead]}DEBUG com.testssm.o2o.dao.ShopDao.insertShop - ==>  Preparing: INSERT INTO tb_shop(owner_id,area_id,shop_category_id,shop_name,shop_desc,shop_addr,phone,shop_img ,priority,create_time,last_edit_time,enable_status,advice) VALUE (?,?,?,?,?,? ,?,?,?,?,?,?,?) 
2019-03-12 09:04:00.576{%PARSER_ERROR[thead]}DEBUG com.testssm.o2o.dao.ShopDao.insertShop - ==> Parameters: 1(Long), 2(Integer), 1(Long), 测试的店铺1(String), test1(String), test1(String), test1(String), null, null, 2019-03-12 09:04:00.447(Timestamp), 2019-03-12 09:04:00.447(Timestamp), 0(Integer), 审核中(String)
2019-03-12 09:04:00.578{%PARSER_ERROR[thead]}DEBUG com.testssm.o2o.dao.ShopDao.insertShop - <==    Updates: 1
2019-03-12 09:06:39.958{%PARSER_ERROR[thead]}DEBUG com.testssm.o2o.dao.ShopDao.insertShop - ==>  Preparing: INSERT INTO tb_shop(owner_id,area_id,shop_category_id,shop_name,shop_desc,shop_addr,phone,shop_img ,priority,create_time,last_edit_time,enable_status,advice) VALUE (?,?,?,?,?,? ,?,?,?,?,?,?,?) 
2019-03-12 09:06:40.012{%PARSER_ERROR[thead]}DEBUG com.testssm.o2o.dao.ShopDao.insertShop - ==> Parameters: 1(Long), 2(Integer), 1(Long), 测试的店铺1(String), test1(String), test1(String), test1(String), null, null, 2019-03-12 09:06:39.904(Timestamp), 2019-03-12 09:06:39.904(Timestamp), 0(Integer), 审核中(String)
2019-03-12 09:06:40.014{%PARSER_ERROR[thead]}DEBUG com.testssm.o2o.dao.ShopDao.insertShop - <==    Updates: 1
2019-03-12 09:07:26.526{%PARSER_ERROR[thead]}DEBUG com.testssm.o2o.dao.ShopDao.insertShop - ==>  Preparing: INSERT INTO tb_shop(owner_id,area_id,shop_category_id,shop_name,shop_desc,shop_addr,phone,shop_img ,priority,create_time,last_edit_time,enable_status,advice) VALUE (?,?,?,?,?,? ,?,?,?,?,?,?,?) 
2019-03-12 09:07:26.585{%PARSER_ERROR[thead]}DEBUG com.testssm.o2o.dao.ShopDao.insertShop - ==> Parameters: 1(Long), 2(Integer), 1(Long), 测试的店铺1(String), test1(String), test1(String), test1(String), null, null, 2019-03-12 09:07:26.447(Timestamp), 2019-03-12 09:07:26.447(Timestamp), 0(Integer), 审核中(String)
2019-03-12 09:07:26.588{%PARSER_ERROR[thead]}DEBUG com.testssm.o2o.dao.ShopDao.insertShop - <==    Updates: 1
2019-03-12 09:10:03.890{%PARSER_ERROR[thead]}DEBUG com.testssm.o2o.dao.ShopDao.insertShop - ==>  Preparing: INSERT INTO tb_shop(owner_id,area_id,shop_category_id,shop_name,shop_desc,shop_addr,phone,shop_img ,priority,create_time,last_edit_time,enable_status,advice) VALUE (?,?,?,?,?,? ,?,?,?,?,?,?,?) 
2019-03-12 09:10:03.937{%PARSER_ERROR[thead]}DEBUG com.testssm.o2o.dao.ShopDao.insertShop - ==> Parameters: 1(Long), 2(Integer), 1(Long), 测试的店铺1(String), test1(String), test1(String), test1(String), null, null, 2019-03-12 09:10:03.839(Timestamp), 2019-03-12 09:10:03.839(Timestamp), 0(Integer), 审核中(String)
2019-03-12 09:10:03.940{%PARSER_ERROR[thead]}DEBUG com.testssm.o2o.dao.ShopDao.insertShop - <==    Updates: 1
2019-03-12 09:11:14.015{%PARSER_ERROR[thead]}DEBUG com.testssm.o2o.dao.ShopDao.insertShop - ==>  Preparing: INSERT INTO tb_shop(owner_id,area_id,shop_category_id,shop_name,shop_desc,shop_addr,phone,shop_img ,priority,create_time,last_edit_time,enable_status,advice) VALUE (?,?,?,?,?,? ,?,?,?,?,?,?,?) 
2019-03-12 09:11:14.062{%PARSER_ERROR[thead]}DEBUG com.testssm.o2o.dao.ShopDao.insertShop - ==> Parameters: 1(Long), 2(Integer), 1(Long), 测试的店铺1(String), test1(String), test1(String), test1(String), null, null, 2019-03-12 09:11:13.943(Timestamp), 2019-03-12 09:11:13.943(Timestamp), 0(Integer), 审核中(String)
2019-03-12 09:11:14.064{%PARSER_ERROR[thead]}DEBUG com.testssm.o2o.dao.ShopDao.insertShop - <==    Updates: 1
2019-03-12 09:12:03.502{%PARSER_ERROR[thead]}DEBUG com.testssm.o2o.dao.ShopDao.insertShop - ==>  Preparing: INSERT INTO tb_shop(owner_id,area_id,shop_category_id,shop_name,shop_desc,shop_addr,phone,shop_img ,priority,create_time,last_edit_time,enable_status,advice) VALUE (?,?,?,?,?,? ,?,?,?,?,?,?,?) 
2019-03-12 09:12:03.585{%PARSER_ERROR[thead]}DEBUG com.testssm.o2o.dao.ShopDao.insertShop - ==> Parameters: 1(Long), 2(Integer), 1(Long), 测试的店铺1(String), test1(String), test1(String), test1(String), null, null, 2019-03-12 09:12:03.455(Timestamp), 2019-03-12 09:12:03.455(Timestamp), 0(Integer), 审核中(String)
2019-03-12 09:12:03.587{%PARSER_ERROR[thead]}DEBUG com.testssm.o2o.dao.ShopDao.insertShop - <==    Updates: 1
2019-03-12 09:12:54.120{%PARSER_ERROR[thead]}DEBUG com.testssm.o2o.dao.ShopDao.insertShop - ==>  Preparing: INSERT INTO tb_shop(owner_id,area_id,shop_category_id,shop_name,shop_desc,shop_addr,phone,shop_img ,priority,create_time,last_edit_time,enable_status,advice) VALUE (?,?,?,?,?,? ,?,?,?,?,?,?,?) 
2019-03-12 09:12:54.185{%PARSER_ERROR[thead]}DEBUG com.testssm.o2o.dao.ShopDao.insertShop - ==> Parameters: 1(Long), 2(Integer), 1(Long), 测试的店铺1(String), test1(String), test1(String), test1(String), null, null, 2019-03-12 09:12:54.057(Timestamp), 2019-03-12 09:12:54.057(Timestamp), 0(Integer), 审核中(String)
2019-03-12 09:12:54.190{%PARSER_ERROR[thead]}DEBUG com.testssm.o2o.dao.ShopDao.insertShop - <==    Updates: 1
2019-03-12 09:14:12.302{%PARSER_ERROR[thead]}DEBUG com.testssm.o2o.dao.ShopDao.insertShop - ==>  Preparing: INSERT INTO tb_shop(owner_id,area_id,shop_category_id,shop_name,shop_desc,shop_addr,phone,shop_img ,priority,create_time,last_edit_time,enable_status,advice) VALUE (?,?,?,?,?,? ,?,?,?,?,?,?,?) 
2019-03-12 09:14:12.346{%PARSER_ERROR[thead]}DEBUG com.testssm.o2o.dao.ShopDao.insertShop - ==> Parameters: 1(Long), 2(Integer), 1(Long), 测试的店铺1(String), test1(String), test1(String), test1(String), null, null, 2019-03-12 09:14:12.232(Timestamp), 2019-03-12 09:14:12.232(Timestamp), 0(Integer), 审核中(String)
2019-03-12 09:14:12.348{%PARSER_ERROR[thead]}DEBUG com.testssm.o2o.dao.ShopDao.insertShop - <==    Updates: 1
2019-03-12 09:16:17.697{%PARSER_ERROR[thead]}DEBUG com.testssm.o2o.dao.ShopDao.insertShop - ==>  Preparing: INSERT INTO tb_shop(owner_id,area_id,shop_category_id,shop_name,shop_desc,shop_addr,phone,shop_img ,priority,create_time,last_edit_time,enable_status,advice) VALUE (?,?,?,?,?,? ,?,?,?,?,?,?,?) 
2019-03-12 09:16:17.748{%PARSER_ERROR[thead]}DEBUG com.testssm.o2o.dao.ShopDao.insertShop - ==> Parameters: 1(Long), 2(Integer), 1(Long), 测试的店铺1(String), test1(String), test1(String), test1(String), null, null, 2019-03-12 09:16:17.627(Timestamp), 2019-03-12 09:16:17.627(Timestamp), 0(Integer), 审核中(String)
2019-03-12 09:16:17.750{%PARSER_ERROR[thead]}DEBUG com.testssm.o2o.dao.ShopDao.insertShop - <==    Updates: 1
2019-03-12 09:17:21.075{%PARSER_ERROR[thead]}DEBUG com.testssm.o2o.dao.ShopDao.insertShop - ==>  Preparing: INSERT INTO tb_shop(owner_id,area_id,shop_category_id,shop_name,shop_desc,shop_addr,phone,shop_img ,priority,create_time,last_edit_time,enable_status,advice) VALUE (?,?,?,?,?,? ,?,?,?,?,?,?,?) 
2019-03-12 09:17:21.123{%PARSER_ERROR[thead]}DEBUG com.testssm.o2o.dao.ShopDao.insertShop - ==> Parameters: 1(Long), 2(Integer), 1(Long), 测试的店铺1(String), test1(String), test1(String), test1(String), null, null, 2019-03-12 09:17:21.005(Timestamp), 2019-03-12 09:17:21.005(Timestamp), 0(Integer), 审核中(String)
2019-03-12 09:17:21.128{%PARSER_ERROR[thead]}DEBUG com.testssm.o2o.dao.ShopDao.insertShop - <==    Updates: 1
2019-03-12 09:19:26.499{%PARSER_ERROR[thead]}DEBUG com.testssm.o2o.dao.ShopDao.insertShop - ==>  Preparing: INSERT INTO tb_shop(owner_id,area_id,shop_category_id,shop_name,shop_desc,shop_addr,phone,shop_img ,priority,create_time,last_edit_time,enable_status,advice) VALUE (?,?,?,?,?,? ,?,?,?,?,?,?,?) 
2019-03-12 09:19:26.547{%PARSER_ERROR[thead]}DEBUG com.testssm.o2o.dao.ShopDao.insertShop - ==> Parameters: 1(Long), 2(Integer), 1(Long), 测试的店铺1(String), test1(String), test1(String), test1(String), null, null, 2019-03-12 09:19:26.435(Timestamp), 2019-03-12 09:19:26.435(Timestamp), 0(Integer), 审核中(String)
2019-03-12 09:19:26.549{%PARSER_ERROR[thead]}DEBUG com.testssm.o2o.dao.ShopDao.insertShop - <==    Updates: 1
2019-03-12 09:24:57.609{%PARSER_ERROR[thead]}DEBUG com.testssm.o2o.dao.ShopDao.insertShop - ==>  Preparing: INSERT INTO tb_shop(owner_id,area_id,shop_category_id,shop_name,shop_desc,shop_addr,phone,shop_img ,priority,create_time,last_edit_time,enable_status,advice) VALUE (?,?,?,?,?,? ,?,?,?,?,?,?,?) 
2019-03-12 09:24:57.695{%PARSER_ERROR[thead]}DEBUG com.testssm.o2o.dao.ShopDao.insertShop - ==> Parameters: 1(Long), 2(Integer), 1(Long), 测试的店铺1(String), test1(String), test1(String), test1(String), null, null, 2019-03-12 09:24:57.576(Timestamp), 2019-03-12 09:24:57.576(Timestamp), 0(Integer), 审核中(String)
2019-03-12 09:24:57.697{%PARSER_ERROR[thead]}DEBUG com.testssm.o2o.dao.ShopDao.insertShop - <==    Updates: 1
2019-03-12 09:25:58.280{%PARSER_ERROR[thead]}DEBUG com.testssm.o2o.dao.ShopDao.insertShop - ==>  Preparing: INSERT INTO tb_shop(owner_id,area_id,shop_category_id,shop_name,shop_desc,shop_addr,phone,shop_img ,priority,create_time,last_edit_time,enable_status,advice) VALUE (?,?,?,?,?,? ,?,?,?,?,?,?,?) 
2019-03-12 09:25:58.359{%PARSER_ERROR[thead]}DEBUG com.testssm.o2o.dao.ShopDao.insertShop - ==> Parameters: 1(Long), 2(Integer), 1(Long), 测试的店铺1(String), test1(String), test1(String), test1(String), null, null, 2019-03-12 09:25:58.225(Timestamp), 2019-03-12 09:25:58.225(Timestamp), 0(Integer), 审核中(String)
2019-03-12 09:25:58.361{%PARSER_ERROR[thead]}DEBUG com.testssm.o2o.dao.ShopDao.insertShop - <==    Updates: 1
2019-03-12 09:28:54.330{%PARSER_ERROR[thead]}DEBUG com.testssm.o2o.dao.ShopDao.insertShop - ==>  Preparing: INSERT INTO tb_shop(owner_id,area_id,shop_category_id,shop_name,shop_desc,shop_addr,phone,shop_img ,priority,create_time,last_edit_time,enable_status,advice) VALUE (?,?,?,?,?,? ,?,?,?,?,?,?,?) 
2019-03-12 09:28:54.392{%PARSER_ERROR[thead]}DEBUG com.testssm.o2o.dao.ShopDao.insertShop - ==> Parameters: 1(Long), 2(Integer), 1(Long), 测试的店铺1(String), test1(String), test1(String), test1(String), null, null, 2019-03-12 09:28:54.257(Timestamp), 2019-03-12 09:28:54.257(Timestamp), 0(Integer), 审核中(String)
2019-03-12 09:28:54.394{%PARSER_ERROR[thead]}DEBUG com.testssm.o2o.dao.ShopDao.insertShop - <==    Updates: 1
2019-03-12 09:29:36.580{%PARSER_ERROR[thead]}DEBUG com.testssm.o2o.dao.ShopDao.insertShop - ==>  Preparing: INSERT INTO tb_shop(owner_id,area_id,shop_category_id,shop_name,shop_desc,shop_addr,phone,shop_img ,priority,create_time,last_edit_time,enable_status,advice) VALUE (?,?,?,?,?,? ,?,?,?,?,?,?,?) 
2019-03-12 09:29:36.631{%PARSER_ERROR[thead]}DEBUG com.testssm.o2o.dao.ShopDao.insertShop - ==> Parameters: 1(Long), 2(Integer), 1(Long), 测试的店铺1(String), test1(String), test1(String), test1(String), null, null, 2019-03-12 09:29:36.547(Timestamp), 2019-03-12 09:29:36.547(Timestamp), 0(Integer), 审核中(String)
2019-03-12 09:29:36.637{%PARSER_ERROR[thead]}DEBUG com.testssm.o2o.dao.ShopDao.insertShop - <==    Updates: 1
2019-03-12 09:31:12.527{%PARSER_ERROR[thead]}DEBUG com.testssm.o2o.dao.ShopDao.insertShop - ==>  Preparing: INSERT INTO tb_shop(owner_id,area_id,shop_category_id,shop_name,shop_desc,shop_addr,phone,shop_img ,priority,create_time,last_edit_time,enable_status,advice) VALUE (?,?,?,?,?,? ,?,?,?,?,?,?,?) 
2019-03-12 09:31:12.586{%PARSER_ERROR[thead]}DEBUG com.testssm.o2o.dao.ShopDao.insertShop - ==> Parameters: 1(Long), 2(Integer), 1(Long), 测试的店铺1(String), test1(String), test1(String), test1(String), null, null, 2019-03-12 09:31:12.449(Timestamp), 2019-03-12 09:31:12.449(Timestamp), 0(Integer), 审核中(String)
2019-03-12 09:31:12.588{%PARSER_ERROR[thead]}DEBUG com.testssm.o2o.dao.ShopDao.insertShop - <==    Updates: 1
2019-03-12 09:32:50.295{%PARSER_ERROR[thead]}DEBUG com.testssm.o2o.dao.ShopDao.insertShop - ==>  Preparing: INSERT INTO tb_shop(owner_id,area_id,shop_category_id,shop_name,shop_desc,shop_addr,phone,shop_img ,priority,create_time,last_edit_time,enable_status,advice) VALUE (?,?,?,?,?,? ,?,?,?,?,?,?,?) 
2019-03-12 09:32:50.375{%PARSER_ERROR[thead]}DEBUG com.testssm.o2o.dao.ShopDao.insertShop - ==> Parameters: 1(Long), 2(Integer), 1(Long), 测试的店铺1(String), test1(String), test1(String), test1(String), null, null, 2019-03-12 09:32:50.231(Timestamp), 2019-03-12 09:32:50.231(Timestamp), 0(Integer), 审核中(String)
2019-03-12 09:32:50.376{%PARSER_ERROR[thead]}DEBUG com.testssm.o2o.dao.ShopDao.insertShop - <==    Updates: 1
2019-03-12 09:34:41.758{%PARSER_ERROR[thead]}DEBUG com.testssm.o2o.dao.ShopDao.insertShop - ==>  Preparing: INSERT INTO tb_shop(owner_id,area_id,shop_category_id,shop_name,shop_desc,shop_addr,phone,shop_img ,priority,create_time,last_edit_time,enable_status,advice) VALUE (?,?,?,?,?,? ,?,?,?,?,?,?,?) 
2019-03-12 09:34:41.816{%PARSER_ERROR[thead]}DEBUG com.testssm.o2o.dao.ShopDao.insertShop - ==> Parameters: 1(Long), 2(Integer), 1(Long), 测试的店铺1(String), test1(String), test1(String), test1(String), null, null, 2019-03-12 09:34:41.678(Timestamp), 2019-03-12 09:34:41.678(Timestamp), 0(Integer), 审核中(String)
2019-03-12 09:34:41.822{%PARSER_ERROR[thead]}DEBUG com.testssm.o2o.dao.ShopDao.insertShop - <==    Updates: 1
2019-03-12 09:35:01.674{%PARSER_ERROR[thead]}DEBUG com.testssm.o2o.util.ImageUtil - current relativeAddr is:D:\\uploadimg\\item\\shop\\22\\2019031209350136928.jpg
2019-03-12 09:35:01.675{%PARSER_ERROR[thead]}DEBUG com.testssm.o2o.util.ImageUtil - current complete addr is:D:\uploadimg\image\D:\\uploadimg\\item\\shop\\22\\2019031209350136928.jpg
2019-03-12 09:35:01.769{%PARSER_ERROR[thead]}ERROR com.testssm.o2o.util.ImageUtil - javax.imageio.IIOException: Can't read input file!
2019-03-12 09:35:42.982{%PARSER_ERROR[thead]}DEBUG com.testssm.o2o.dao.ShopDao.updateShop - ==>  Preparing: UPDATE tb_shop SET shop_name=?, shop_desc=?, shop_addr=?, phone=?, shop_img=?, last_edit_time=?, enable_status=?, advice=?, area_id=?, shop_category_id=? where shop_id=? 
2019-03-12 09:35:42.985{%PARSER_ERROR[thead]}DEBUG com.testssm.o2o.dao.ShopDao.updateShop - ==> Parameters: 测试的店铺1(String), test1(String), test1(String), test1(String), D:\\uploadimg\\item\\shop\\22\\2019031209350136928.jpg(String), 2019-03-12 09:34:41.678(Timestamp), 0(Integer), 审核中(String), 2(Integer), 1(Long), 22(Long)
2019-03-12 09:35:42.998{%PARSER_ERROR[thead]}DEBUG com.testssm.o2o.dao.ShopDao.updateShop - <==    Updates: 1
2019-03-12 09:38:11.340{%PARSER_ERROR[thead]}DEBUG com.testssm.o2o.dao.ShopDao.insertShop - ==>  Preparing: INSERT INTO tb_shop(owner_id,area_id,shop_category_id,shop_name,shop_desc,shop_addr,phone,shop_img ,priority,create_time,last_edit_time,enable_status,advice) VALUE (?,?,?,?,?,? ,?,?,?,?,?,?,?) 
2019-03-12 09:38:11.392{%PARSER_ERROR[thead]}DEBUG com.testssm.o2o.dao.ShopDao.insertShop - ==> Parameters: 1(Long), 2(Integer), 1(Long), 测试的店铺1(String), test1(String), test1(String), test1(String), null, null, 2019-03-12 09:38:11.261(Timestamp), 2019-03-12 09:38:11.261(Timestamp), 0(Integer), 审核中(String)
2019-03-12 09:38:11.394{%PARSER_ERROR[thead]}DEBUG com.testssm.o2o.dao.ShopDao.insertShop - <==    Updates: 1
2019-03-12 09:40:08.153{%PARSER_ERROR[thead]}DEBUG com.testssm.o2o.util.ImageUtil - current relativeAddr is:D:\\uploadimg\\item\\shop\\23\\2019031209383180418.jpg
2019-03-12 09:40:08.154{%PARSER_ERROR[thead]}DEBUG com.testssm.o2o.util.ImageUtil - current complete addr is:D:\uploadimg\image\D:\\uploadimg\\item\\shop\\23\\2019031209383180418.jpg
2019-03-12 09:40:08.195{%PARSER_ERROR[thead]}ERROR com.testssm.o2o.util.ImageUtil - javax.imageio.IIOException: Can't read input file!
2019-03-12 09:40:08.236{%PARSER_ERROR[thead]}DEBUG com.testssm.o2o.dao.ShopDao.updateShop - ==>  Preparing: UPDATE tb_shop SET shop_name=?, shop_desc=?, shop_addr=?, phone=?, shop_img=?, last_edit_time=?, enable_status=?, advice=?, area_id=?, shop_category_id=? where shop_id=? 
2019-03-12 09:40:08.238{%PARSER_ERROR[thead]}DEBUG com.testssm.o2o.dao.ShopDao.updateShop - ==> Parameters: 测试的店铺1(String), test1(String), test1(String), test1(String), D:\\uploadimg\\item\\shop\\23\\2019031209383180418.jpg(String), 2019-03-12 09:38:11.261(Timestamp), 0(Integer), 审核中(String), 2(Integer), 1(Long), 23(Long)
2019-03-12 09:40:08.241{%PARSER_ERROR[thead]}DEBUG com.testssm.o2o.dao.ShopDao.updateShop - <==    Updates: 1
2019-03-12 09:41:21.587{%PARSER_ERROR[thead]}DEBUG com.testssm.o2o.dao.ShopDao.insertShop - ==>  Preparing: INSERT INTO tb_shop(owner_id,area_id,shop_category_id,shop_name,shop_desc,shop_addr,phone,shop_img ,priority,create_time,last_edit_time,enable_status,advice) VALUE (?,?,?,?,?,? ,?,?,?,?,?,?,?) 
2019-03-12 09:41:21.635{%PARSER_ERROR[thead]}DEBUG com.testssm.o2o.dao.ShopDao.insertShop - ==> Parameters: 1(Long), 2(Integer), 1(Long), 测试的店铺1(String), test1(String), test1(String), test1(String), null, null, 2019-03-12 09:41:21.517(Timestamp), 2019-03-12 09:41:21.517(Timestamp), 0(Integer), 审核中(String)
2019-03-12 09:41:21.640{%PARSER_ERROR[thead]}DEBUG com.testssm.o2o.dao.ShopDao.insertShop - <==    Updates: 1
2019-03-12 09:42:24.351{%PARSER_ERROR[thead]}DEBUG com.testssm.o2o.util.ImageUtil - current relativeAddr is:\\item\\shop\\24\\2019031209413113939.jpg
2019-03-12 09:42:31.494{%PARSER_ERROR[thead]}DEBUG com.testssm.o2o.util.ImageUtil - current complete addr is:D:\uploadimg\image\\\item\\shop\\24\\2019031209413113939.jpg
2019-03-12 09:44:46.387{%PARSER_ERROR[thead]}ERROR com.testssm.o2o.util.ImageUtil - javax.imageio.IIOException: Can't read input file!
2019-03-12 10:00:19.699{%PARSER_ERROR[thead]}DEBUG com.testssm.o2o.dao.ShopDao.insertShop - ==>  Preparing: INSERT INTO tb_shop(owner_id,area_id,shop_category_id,shop_name,shop_desc,shop_addr,phone,shop_img ,priority,create_time,last_edit_time,enable_status,advice) VALUE (?,?,?,?,?,? ,?,?,?,?,?,?,?) 
2019-03-12 10:00:19.747{%PARSER_ERROR[thead]}DEBUG com.testssm.o2o.dao.ShopDao.insertShop - ==> Parameters: 1(Long), 2(Integer), 1(Long), 测试的店铺1(String), test1(String), test1(String), test1(String), null, null, 2019-03-12 10:00:19.638(Timestamp), 2019-03-12 10:00:19.638(Timestamp), 0(Integer), 审核中(String)
2019-03-12 10:00:19.752{%PARSER_ERROR[thead]}DEBUG com.testssm.o2o.dao.ShopDao.insertShop - <==    Updates: 1
2019-03-12 10:01:03.265{%PARSER_ERROR[thead]}DEBUG com.testssm.o2o.util.ImageUtil - current relativeAddr is:\item\shop\25\2019031210002811363.jpg
2019-03-12 10:01:15.461{%PARSER_ERROR[thead]}DEBUG com.testssm.o2o.util.ImageUtil - current complete addr is:D:\uploadimg\image\\item\shop\25\2019031210002811363.jpg
2019-03-12 10:01:43.861{%PARSER_ERROR[thead]}ERROR com.testssm.o2o.util.ImageUtil - javax.imageio.IIOException: Can't read input file!
2019-03-12 10:01:45.195{%PARSER_ERROR[thead]}DEBUG com.testssm.o2o.dao.ShopDao.updateShop - ==>  Preparing: UPDATE tb_shop SET shop_name=?, shop_desc=?, shop_addr=?, phone=?, shop_img=?, last_edit_time=?, enable_status=?, advice=?, area_id=?, shop_category_id=? where shop_id=? 
2019-03-12 10:01:45.196{%PARSER_ERROR[thead]}DEBUG com.testssm.o2o.dao.ShopDao.updateShop - ==> Parameters: 测试的店铺1(String), test1(String), test1(String), test1(String), \item\shop\25\2019031210002811363.jpg(String), 2019-03-12 10:00:19.638(Timestamp), 0(Integer), 审核中(String), 2(Integer), 1(Long), 25(Long)
2019-03-12 10:01:45.198{%PARSER_ERROR[thead]}DEBUG com.testssm.o2o.dao.ShopDao.updateShop - <==    Updates: 1
2019-03-12 10:04:20.673{%PARSER_ERROR[thead]}DEBUG com.testssm.o2o.dao.ShopDao.insertShop - ==>  Preparing: INSERT INTO tb_shop(owner_id,area_id,shop_category_id,shop_name,shop_desc,shop_addr,phone,shop_img ,priority,create_time,last_edit_time,enable_status,advice) VALUE (?,?,?,?,?,? ,?,?,?,?,?,?,?) 
2019-03-12 10:04:20.721{%PARSER_ERROR[thead]}DEBUG com.testssm.o2o.dao.ShopDao.insertShop - ==> Parameters: 1(Long), 2(Integer), 1(Long), 测试的店铺1(String), test1(String), test1(String), test1(String), null, null, 2019-03-12 10:04:20.63(Timestamp), 2019-03-12 10:04:20.63(Timestamp), 0(Integer), 审核中(String)
2019-03-12 10:04:20.724{%PARSER_ERROR[thead]}DEBUG com.testssm.o2o.dao.ShopDao.insertShop - <==    Updates: 1
2019-03-12 10:04:20.745{%PARSER_ERROR[thead]}DEBUG com.testssm.o2o.util.ImageUtil - current relativeAddr is:\item\shop\26\2019031210042054153.jpg
2019-03-12 10:04:20.745{%PARSER_ERROR[thead]}DEBUG com.testssm.o2o.util.ImageUtil - current complete addr is:D:\uploadimg\image\\item\shop\26\2019031210042054153.jpg
2019-03-12 10:04:20.745{%PARSER_ERROR[thead]}DEBUG com.testssm.o2o.util.ImageUtil - basePath:/D:/test_ssm/o2o/target/test-classes/
2019-03-12 10:04:58.778{%PARSER_ERROR[thead]}DEBUG com.testssm.o2o.dao.ShopDao.insertShop - ==>  Preparing: INSERT INTO tb_shop(owner_id,area_id,shop_category_id,shop_name,shop_desc,shop_addr,phone,shop_img ,priority,create_time,last_edit_time,enable_status,advice) VALUE (?,?,?,?,?,? ,?,?,?,?,?,?,?) 
2019-03-12 10:04:58.837{%PARSER_ERROR[thead]}DEBUG com.testssm.o2o.dao.ShopDao.insertShop - ==> Parameters: 1(Long), 2(Integer), 1(Long), 测试的店铺1(String), test1(String), test1(String), test1(String), null, null, 2019-03-12 10:04:58.719(Timestamp), 2019-03-12 10:04:58.719(Timestamp), 0(Integer), 审核中(String)
2019-03-12 10:04:58.839{%PARSER_ERROR[thead]}DEBUG com.testssm.o2o.dao.ShopDao.insertShop - <==    Updates: 1
2019-03-12 10:04:58.864{%PARSER_ERROR[thead]}DEBUG com.testssm.o2o.util.ImageUtil - current relativeAddr is:\item\shop\27\2019031210045859137.jpg
2019-03-12 10:04:58.865{%PARSER_ERROR[thead]}DEBUG com.testssm.o2o.util.ImageUtil - current complete addr is:D:\uploadimg\image\\item\shop\27\2019031210045859137.jpg
2019-03-12 10:04:58.865{%PARSER_ERROR[thead]}DEBUG com.testssm.o2o.util.ImageUtil - basePath:/D:/test_ssm/o2o/target/test-classes/
2019-03-12 10:14:15.467{%PARSER_ERROR[thead]}DEBUG com.testssm.o2o.dao.ShopDao.insertShop - ==>  Preparing: INSERT INTO tb_shop(owner_id,area_id,shop_category_id,shop_name,shop_desc,shop_addr,phone,shop_img ,priority,create_time,last_edit_time,enable_status,advice) VALUE (?,?,?,?,?,? ,?,?,?,?,?,?,?) 
2019-03-12 10:14:15.524{%PARSER_ERROR[thead]}DEBUG com.testssm.o2o.dao.ShopDao.insertShop - ==> Parameters: 1(Long), 2(Integer), 1(Long), 测试的店铺1(String), test1(String), test1(String), test1(String), null, null, 2019-03-12 10:14:15.415(Timestamp), 2019-03-12 10:14:15.415(Timestamp), 0(Integer), 审核中(String)
2019-03-12 10:14:15.526{%PARSER_ERROR[thead]}DEBUG com.testssm.o2o.dao.ShopDao.insertShop - <==    Updates: 1
2019-03-12 10:14:15.555{%PARSER_ERROR[thead]}DEBUG com.testssm.o2o.util.ImageUtil - current relativeAddr is:\item\shop\28\2019031210141543058.jpg
2019-03-12 10:14:15.555{%PARSER_ERROR[thead]}DEBUG com.testssm.o2o.util.ImageUtil - current complete addr is:D:\uploadimg\image\\item\shop\28\2019031210141543058.jpg
2019-03-12 10:14:15.555{%PARSER_ERROR[thead]}DEBUG com.testssm.o2o.util.ImageUtil - basePath:/D:/test_ssm/o2o/target/test-classes/
2019-03-12 10:14:48.579{%PARSER_ERROR[thead]}ERROR com.testssm.o2o.util.ImageUtil - javax.imageio.IIOException: Can't read input file!
2019-03-12 10:14:48.623{%PARSER_ERROR[thead]}DEBUG com.testssm.o2o.dao.ShopDao.updateShop - ==>  Preparing: UPDATE tb_shop SET shop_name=?, shop_desc=?, shop_addr=?, phone=?, shop_img=?, last_edit_time=?, enable_status=?, advice=?, area_id=?, shop_category_id=? where shop_id=? 
2019-03-12 10:14:48.624{%PARSER_ERROR[thead]}DEBUG com.testssm.o2o.dao.ShopDao.updateShop - ==> Parameters: 测试的店铺1(String), test1(String), test1(String), test1(String), \item\shop\28\2019031210141543058.jpg(String), 2019-03-12 10:14:15.415(Timestamp), 0(Integer), 审核中(String), 2(Integer), 1(Long), 28(Long)
2019-03-12 10:14:48.626{%PARSER_ERROR[thead]}DEBUG com.testssm.o2o.dao.ShopDao.updateShop - <==    Updates: 1
2019-03-12 10:23:07.032{%PARSER_ERROR[thead]}DEBUG com.testssm.o2o.dao.ShopDao.insertShop - ==>  Preparing: INSERT INTO tb_shop(owner_id,area_id,shop_category_id,shop_name,shop_desc,shop_addr,phone,shop_img ,priority,create_time,last_edit_time,enable_status,advice) VALUE (?,?,?,?,?,? ,?,?,?,?,?,?,?) 
2019-03-12 10:23:07.080{%PARSER_ERROR[thead]}DEBUG com.testssm.o2o.dao.ShopDao.insertShop - ==> Parameters: 1(Long), 2(Integer), 1(Long), 测试的店铺1(String), test1(String), test1(String), test1(String), null, null, 2019-03-12 10:23:06.967(Timestamp), 2019-03-12 10:23:06.967(Timestamp), 0(Integer), 审核中(String)
2019-03-12 10:23:07.081{%PARSER_ERROR[thead]}DEBUG com.testssm.o2o.dao.ShopDao.insertShop - <==    Updates: 1
2019-03-12 10:23:07.104{%PARSER_ERROR[thead]}DEBUG com.testssm.o2o.util.ImageUtil - current relativeAddr is:\item\shop\29\2019031210230760042.jpg
2019-03-12 10:23:07.104{%PARSER_ERROR[thead]}DEBUG com.testssm.o2o.util.ImageUtil - current complete addr is:D:\uploadimg\image\\item\shop\29\2019031210230760042.jpg
2019-03-12 10:23:07.104{%PARSER_ERROR[thead]}DEBUG com.testssm.o2o.util.ImageUtil - basePath:/D:/test_ssm/o2o/target/test-classes/
2019-03-12 10:23:37.381{%PARSER_ERROR[thead]}DEBUG com.testssm.o2o.dao.ShopDao.updateShop - ==>  Preparing: UPDATE tb_shop SET shop_name=?, shop_desc=?, shop_addr=?, phone=?, shop_img=?, last_edit_time=?, enable_status=?, advice=?, area_id=?, shop_category_id=? where shop_id=? 
2019-03-12 10:23:37.382{%PARSER_ERROR[thead]}DEBUG com.testssm.o2o.dao.ShopDao.updateShop - ==> Parameters: 测试的店铺1(String), test1(String), test1(String), test1(String), \item\shop\29\2019031210230760042.jpg(String), 2019-03-12 10:23:06.967(Timestamp), 0(Integer), 审核中(String), 2(Integer), 1(Long), 29(Long)
2019-03-12 10:23:37.384{%PARSER_ERROR[thead]}DEBUG com.testssm.o2o.dao.ShopDao.updateShop - <==    Updates: 1
2019-03-12 11:48:44.723{%PARSER_ERROR[thead]}DEBUG com.testssm.o2o.dao.ShopDao.insertShop - ==>  Preparing: INSERT INTO tb_shop(owner_id,area_id,shop_category_id,shop_name,shop_desc,shop_addr,phone,shop_img ,priority,create_time,last_edit_time,enable_status,advice) VALUE (?,?,?,?,?,? ,?,?,?,?,?,?,?) 
2019-03-12 11:48:44.780{%PARSER_ERROR[thead]}DEBUG com.testssm.o2o.dao.ShopDao.insertShop - ==> Parameters: 1(Long), 2(Integer), 1(Long), 测试的店铺2(String), test2(String), test2(String), test2(String), null, null, 2019-03-12 11:48:44.596(Timestamp), 2019-03-12 11:48:44.596(Timestamp), 0(Integer), 审核中(String)
2019-03-12 11:48:44.782{%PARSER_ERROR[thead]}DEBUG com.testssm.o2o.dao.ShopDao.insertShop - <==    Updates: 1
2019-03-12 11:48:44.808{%PARSER_ERROR[thead]}DEBUG com.testssm.o2o.util.ImageUtil - current relativeAddr is:\item\shop\30\2019031211484423355.jpg
2019-03-12 11:48:44.809{%PARSER_ERROR[thead]}DEBUG com.testssm.o2o.util.ImageUtil - current complete addr is:D:\uploadimg\image\\item\shop\30\2019031211484423355.jpg
2019-03-12 11:48:44.809{%PARSER_ERROR[thead]}DEBUG com.testssm.o2o.util.ImageUtil - basePath:/D:/test_ssm/o2o/target/test-classes/
2019-03-12 11:48:45.106{%PARSER_ERROR[thead]}DEBUG com.testssm.o2o.dao.ShopDao.updateShop - ==>  Preparing: UPDATE tb_shop SET shop_name=?, shop_desc=?, shop_addr=?, phone=?, shop_img=?, last_edit_time=?, enable_status=?, advice=?, area_id=?, shop_category_id=? where shop_id=? 
2019-03-12 11:48:45.109{%PARSER_ERROR[thead]}DEBUG com.testssm.o2o.dao.ShopDao.updateShop - ==> Parameters: 测试的店铺2(String), test2(String), test2(String), test2(String), \item\shop\30\2019031211484423355.jpg(String), 2019-03-12 11:48:44.596(Timestamp), 0(Integer), 审核中(String), 2(Integer), 1(Long), 30(Long)
2019-03-12 11:48:45.112{%PARSER_ERROR[thead]}DEBUG com.testssm.o2o.dao.ShopDao.updateShop - <==    Updates: 1
