2019-04-02 09:28:17.129{%PARSER_ERROR[thead]}DEBUG c.t.o2o.dao.ProductImgDao.batchInsertProductImg - ==>  Preparing: INSERT INTO tb_product_img(img_addr,img_desc,priority,create_time,product_id) VALUES ( ?, ?, ?, ?, ? ) , ( ?, ?, ?, ?, ? ) 
2019-04-02 09:28:17.246{%PARSER_ERROR[thead]}DEBUG c.t.o2o.dao.ProductImgDao.batchInsertProductImg - ==> Parameters: 图片1(String), 测试图片1(String), 1(Integer), 2019-04-02 09:28:16.361(Timestamp), 1(Long), 图片2(String), null, 1(Integer), 2019-04-02 09:28:16.361(Timestamp), 1(Long)
2019-04-02 09:30:28.886{%PARSER_ERROR[thead]}DEBUG c.t.o2o.dao.ProductImgDao.batchInsertProductImg - ==>  Preparing: INSERT INTO tb_product_img(img_addr,img_desc,priority,create_time,product_id) VALUES ( ?, ?, ?, ?, ? ) , ( ?, ?, ?, ?, ? ) 
2019-04-02 09:30:28.975{%PARSER_ERROR[thead]}DEBUG c.t.o2o.dao.ProductImgDao.batchInsertProductImg - ==> Parameters: 图片1(String), 测试图片2(String), 1(Integer), 2019-04-02 09:30:28.196(Timestamp), 1(Long), 图片2(String), null, 1(Integer), 2019-04-02 09:30:28.196(Timestamp), 1(Long)
2019-04-02 09:31:48.626{%PARSER_ERROR[thead]}DEBUG c.t.o2o.dao.ProductImgDao.batchInsertProductImg - ==>  Preparing: INSERT INTO tb_product_img(img_addr,img_desc,priority,create_time,product_id) VALUES ( ?, ?, ?, ?, ? ) , ( ?, ?, ?, ?, ? ) 
2019-04-02 09:31:48.723{%PARSER_ERROR[thead]}DEBUG c.t.o2o.dao.ProductImgDao.batchInsertProductImg - ==> Parameters: 图片1(String), 测试图片2(String), 1(Integer), 2019-04-02 09:31:47.922(Timestamp), 1(Long), 图片2(String), null, 1(Integer), 2019-04-02 09:31:47.922(Timestamp), 1(Long)
2019-04-02 09:33:57.666{%PARSER_ERROR[thead]}DEBUG c.t.o2o.dao.ProductImgDao.batchInsertProductImg - ==>  Preparing: INSERT INTO tb_product_img(img_addr,img_desc,priority,create_time,product_id) VALUES ( ?, ?, ?, ?, ? ) , ( ?, ?, ?, ?, ? ) 
2019-04-02 09:33:57.802{%PARSER_ERROR[thead]}DEBUG c.t.o2o.dao.ProductImgDao.batchInsertProductImg - ==> Parameters: 图片1(String), 测试图片1(String), 1(Integer), 2019-04-02 09:33:54.083(Timestamp), 1(Long), 图片2(String), 测试图片2(String), 1(Integer), 2019-04-02 09:33:54.083(Timestamp), 1(Long)
2019-04-02 09:33:57.847{%PARSER_ERROR[thead]}DEBUG c.t.o2o.dao.ProductImgDao.batchInsertProductImg - <==    Updates: 2
2019-04-02 09:33:57.872{%PARSER_ERROR[thead]}DEBUG com.testssm.o2o.dao.ProductDao.queryProductById - ==>  Preparing: SELECT p.product_id, p.product_name, p.product_desc, p.img_addr, p.normal_price, p.promotion_price, p.priority, p.create_time, p.last_edit_time, p.enable_status, p.product_category_id, p.shop_id, pm.product_img_id, pm.img_addr AS detail_img, pm.img_desc, pm.priority, pm.create_time FROM tb_product p LEFT JOIN tb_product_img pm ON p.product_id = pm.product_id where p.product_id = ? order by pm.priority DESC 
2019-04-02 09:33:57.873{%PARSER_ERROR[thead]}DEBUG com.testssm.o2o.dao.ProductDao.queryProductById - ==> Parameters: 1(Long)
2019-04-02 09:33:57.897{%PARSER_ERROR[thead]}DEBUG com.testssm.o2o.dao.ProductDao.queryProductById - <==      Total: 12
2019-04-02 09:35:47.357{%PARSER_ERROR[thead]}DEBUG c.t.o2o.dao.ProductImgDao.batchInsertProductImg - ==>  Preparing: INSERT INTO tb_product_img(img_addr,img_desc,priority,create_time,product_id) VALUES ( ?, ?, ?, ?, ? ) , ( ?, ?, ?, ?, ? ) 
2019-04-02 09:35:47.459{%PARSER_ERROR[thead]}DEBUG c.t.o2o.dao.ProductImgDao.batchInsertProductImg - ==> Parameters: 图片1(String), 测试图片1(String), 1(Integer), 2019-04-02 09:35:46.577(Timestamp), 1(Long), 图片2(String), 测试图片2(String), 1(Integer), 2019-04-02 09:35:46.577(Timestamp), 1(Long)
2019-04-02 09:35:47.546{%PARSER_ERROR[thead]}DEBUG c.t.o2o.dao.ProductImgDao.batchInsertProductImg - <==    Updates: 2
2019-04-02 09:35:47.565{%PARSER_ERROR[thead]}DEBUG com.testssm.o2o.dao.ProductDao.queryProductById - ==>  Preparing: SELECT p.product_id, p.product_name, p.product_desc, p.img_addr, p.normal_price, p.promotion_price, p.priority, p.create_time, p.last_edit_time, p.enable_status, p.product_category_id, p.shop_id, pm.product_img_id, pm.img_addr AS detail_img, pm.img_desc, pm.priority, pm.create_time FROM tb_product p LEFT JOIN tb_product_img pm ON p.product_id = pm.product_id where p.product_id = ? order by pm.priority DESC 
2019-04-02 09:35:47.565{%PARSER_ERROR[thead]}DEBUG com.testssm.o2o.dao.ProductDao.queryProductById - ==> Parameters: 1(Long)
2019-04-02 09:35:47.598{%PARSER_ERROR[thead]}DEBUG com.testssm.o2o.dao.ProductDao.queryProductById - <==      Total: 14
2019-04-02 09:37:16.754{%PARSER_ERROR[thead]}DEBUG c.t.o2o.dao.ProductImgDao.batchInsertProductImg - ==>  Preparing: INSERT INTO tb_product_img(img_addr,img_desc,priority,create_time,product_id) VALUES ( ?, ?, ?, ?, ? ) , ( ?, ?, ?, ?, ? ) 
2019-04-02 09:37:16.839{%PARSER_ERROR[thead]}DEBUG c.t.o2o.dao.ProductImgDao.batchInsertProductImg - ==> Parameters: 图片1(String), 测试图片1(String), 1(Integer), 2019-04-02 09:37:15.991(Timestamp), 1(Long), 图片2(String), 测试图片2(String), 1(Integer), 2019-04-02 09:37:15.991(Timestamp), 1(Long)
2019-04-02 09:37:16.884{%PARSER_ERROR[thead]}DEBUG c.t.o2o.dao.ProductImgDao.batchInsertProductImg - <==    Updates: 2
2019-04-02 09:37:16.906{%PARSER_ERROR[thead]}DEBUG com.testssm.o2o.dao.ProductDao.queryProductById - ==>  Preparing: SELECT p.product_id, p.product_name, p.product_desc, p.img_addr, p.normal_price, p.promotion_price, p.priority, p.create_time, p.last_edit_time, p.enable_status, p.product_category_id, p.shop_id, pm.product_img_id, pm.img_addr AS detail_img, pm.img_desc, pm.priority, pm.create_time FROM tb_product p LEFT JOIN tb_product_img pm ON p.product_id = pm.product_id where p.product_id = ? order by pm.priority DESC 
2019-04-02 09:37:16.907{%PARSER_ERROR[thead]}DEBUG com.testssm.o2o.dao.ProductDao.queryProductById - ==> Parameters: 1(Long)
2019-04-02 09:37:16.925{%PARSER_ERROR[thead]}DEBUG com.testssm.o2o.dao.ProductDao.queryProductById - <==      Total: 2
2019-04-02 09:37:29.485{%PARSER_ERROR[thead]}DEBUG c.t.o.d.ProductImgDao.deleteProductImgByProductId - ==>  Preparing: DELETE FROM tb_product_img where product_id = ? 
2019-04-02 09:37:29.487{%PARSER_ERROR[thead]}DEBUG c.t.o.d.ProductImgDao.deleteProductImgByProductId - ==> Parameters: 1(Long)
2019-04-02 09:37:29.542{%PARSER_ERROR[thead]}DEBUG c.t.o.d.ProductImgDao.deleteProductImgByProductId - <==    Updates: 2
2019-04-02 09:38:07.570{%PARSER_ERROR[thead]}DEBUG c.t.o2o.dao.ProductImgDao.batchInsertProductImg - ==>  Preparing: INSERT INTO tb_product_img(img_addr,img_desc,priority,create_time,product_id) VALUES ( ?, ?, ?, ?, ? ) , ( ?, ?, ?, ?, ? ) 
2019-04-02 09:38:07.627{%PARSER_ERROR[thead]}DEBUG c.t.o2o.dao.ProductImgDao.batchInsertProductImg - ==> Parameters: 图片1(String), 测试图片1(String), 1(Integer), 2019-04-02 09:38:06.769(Timestamp), 1(Long), 图片2(String), 测试图片2(String), 1(Integer), 2019-04-02 09:38:06.769(Timestamp), 1(Long)
2019-04-02 09:38:07.686{%PARSER_ERROR[thead]}DEBUG c.t.o2o.dao.ProductImgDao.batchInsertProductImg - <==    Updates: 2
2019-04-02 09:38:28.908{%PARSER_ERROR[thead]}DEBUG com.testssm.o2o.dao.ProductDao.queryProductById - ==>  Preparing: SELECT p.product_id, p.product_name, p.product_desc, p.img_addr, p.normal_price, p.promotion_price, p.priority, p.create_time, p.last_edit_time, p.enable_status, p.product_category_id, p.shop_id, pm.product_img_id, pm.img_addr AS detail_img, pm.img_desc, pm.priority, pm.create_time FROM tb_product p LEFT JOIN tb_product_img pm ON p.product_id = pm.product_id where p.product_id = ? order by pm.priority DESC 
2019-04-02 09:38:28.908{%PARSER_ERROR[thead]}DEBUG com.testssm.o2o.dao.ProductDao.queryProductById - ==> Parameters: 1(Long)
2019-04-02 09:38:28.927{%PARSER_ERROR[thead]}DEBUG com.testssm.o2o.dao.ProductDao.queryProductById - <==      Total: 2
2019-04-02 09:47:14.685{%PARSER_ERROR[thead]}DEBUG com.testssm.o2o.dao.ProductDao.updateProduct - ==>  Preparing: UPDATE tb_product SET product_name = ?, product_category_id = ? where product_id = ? and shop_id = ? 
2019-04-02 09:47:14.826{%PARSER_ERROR[thead]}DEBUG com.testssm.o2o.dao.ProductDao.updateProduct - ==> Parameters: 第一个产品(String), 2(Long), 1(Long), 1(Long)
2019-04-02 09:47:14.860{%PARSER_ERROR[thead]}DEBUG com.testssm.o2o.dao.ProductDao.updateProduct - <==    Updates: 1
2019-04-02 11:06:31.347{%PARSER_ERROR[thead]}DEBUG com.testssm.o2o.dao.ProductDao.queryProductById - ==>  Preparing: SELECT p.product_id, p.product_name, p.product_desc, p.img_addr, p.normal_price, p.promotion_price, p.priority, p.create_time, p.last_edit_time, p.enable_status, p.product_category_id, p.shop_id, pm.product_img_id, pm.img_addr AS detail_img, pm.img_desc, pm.priority, pm.create_time FROM tb_product p LEFT JOIN tb_product_img pm ON p.product_id = pm.product_id where p.product_id = ? order by pm.priority DESC 
2019-04-02 11:06:31.390{%PARSER_ERROR[thead]}DEBUG com.testssm.o2o.dao.ProductDao.queryProductById - ==> Parameters: 1(Long)
2019-04-02 11:06:31.434{%PARSER_ERROR[thead]}DEBUG com.testssm.o2o.dao.ProductDao.queryProductById - <==      Total: 2
2019-04-02 11:06:31.445{%PARSER_ERROR[thead]}DEBUG com.testssm.o2o.util.ImageUtil - current relativeAddr is:\item\shop\1\2019040211063184743.jpg
2019-04-02 11:06:31.445{%PARSER_ERROR[thead]}DEBUG com.testssm.o2o.util.ImageUtil - current complete addr is:D:\uploadimg\image\\item\shop\1\2019040211063184743.jpg
2019-04-02 11:06:31.445{%PARSER_ERROR[thead]}DEBUG com.testssm.o2o.util.ImageUtil - basePath:/D:/test_ssm/o2o/target/test-classes/
2019-04-02 11:06:31.612{%PARSER_ERROR[thead]}DEBUG c.t.o2o.dao.ProductImgDao.queryProductImgList - ==>  Preparing: SELECT product_img_id, img_addr, img_desc, priority, create_time, product_id FROM tb_product_img WHERE product_id=? ORDER BY product_img_id ASC 
2019-04-02 11:06:31.613{%PARSER_ERROR[thead]}DEBUG c.t.o2o.dao.ProductImgDao.queryProductImgList - ==> Parameters: 1(Long)
2019-04-02 11:06:31.617{%PARSER_ERROR[thead]}DEBUG c.t.o2o.dao.ProductImgDao.queryProductImgList - <==      Total: 2
2019-04-02 11:06:31.617{%PARSER_ERROR[thead]}DEBUG c.t.o.d.ProductImgDao.deleteProductImgByProductId - ==>  Preparing: DELETE FROM tb_product_img where product_id = ? 
2019-04-02 11:06:31.618{%PARSER_ERROR[thead]}DEBUG c.t.o.d.ProductImgDao.deleteProductImgByProductId - ==> Parameters: 1(Long)
2019-04-02 11:06:31.620{%PARSER_ERROR[thead]}DEBUG c.t.o.d.ProductImgDao.deleteProductImgByProductId - <==    Updates: 2
2019-04-02 11:06:31.620{%PARSER_ERROR[thead]}DEBUG com.testssm.o2o.util.ImageUtil - current relativeAddr is:\item\shop\1\2019040211063154172.jpg
2019-04-02 11:06:31.620{%PARSER_ERROR[thead]}DEBUG com.testssm.o2o.util.ImageUtil - current complete addr is:D:\uploadimg\image\\item\shop\1\2019040211063154172.jpg
2019-04-02 11:06:31.673{%PARSER_ERROR[thead]}DEBUG com.testssm.o2o.util.ImageUtil - current relativeAddr is:\item\shop\1\2019040211063134738.jpg
2019-04-02 11:06:31.674{%PARSER_ERROR[thead]}DEBUG com.testssm.o2o.util.ImageUtil - current complete addr is:D:\uploadimg\image\\item\shop\1\2019040211063134738.jpg
2019-04-02 11:06:31.789{%PARSER_ERROR[thead]}DEBUG c.t.o2o.dao.ProductImgDao.batchInsertProductImg - ==>  Preparing: INSERT INTO tb_product_img(img_addr,img_desc,priority,create_time,product_id) VALUES ( ?, ?, ?, ?, ? ) , ( ?, ?, ?, ?, ? ) 
2019-04-02 11:06:31.795{%PARSER_ERROR[thead]}DEBUG c.t.o2o.dao.ProductImgDao.batchInsertProductImg - ==> Parameters: \item\shop\1\2019040211063154172.jpg(String), xiaohuangren.jpg(String), null, 2019-04-02 11:06:31.673(Timestamp), 1(Long), \item\shop\1\2019040211063134738.jpg(String), xiaohuangren.jpg(String), null, 2019-04-02 11:06:31.755(Timestamp), 1(Long)
2019-04-02 11:06:31.797{%PARSER_ERROR[thead]}DEBUG c.t.o2o.dao.ProductImgDao.batchInsertProductImg - <==    Updates: 2
2019-04-02 11:06:31.812{%PARSER_ERROR[thead]}DEBUG com.testssm.o2o.dao.ProductDao.updateProduct - ==>  Preparing: UPDATE tb_product SET product_name = ?, product_desc = ?, img_addr = ?, last_edit_time = ?, product_category_id = ? where product_id = ? and shop_id = ? 
2019-04-02 11:06:31.813{%PARSER_ERROR[thead]}DEBUG com.testssm.o2o.dao.ProductDao.updateProduct - ==> Parameters: 正式的商品(String), 正式的商品(String), \item\shop\1\2019040211063184743.jpg(String), 2019-04-02 11:06:31.289(Timestamp), 1(Long), 1(Long), 1(Long)
2019-04-02 11:06:31.815{%PARSER_ERROR[thead]}DEBUG com.testssm.o2o.dao.ProductDao.updateProduct - <==    Updates: 1
2019-04-02 14:35:12.556{%PARSER_ERROR[thead]}DEBUG com.testssm.o2o.dao.ProductDao.queryProductList - ==>  Preparing: SELECT product_id, product_name, product_desc, img_addr, normal_price, promotion_price, priority, create_time, last_edit_time, enable_status, point, product_category_id, shop_id FROM tb_product ORDER BY priority DESC LIMIT ?,?; 
2019-04-02 14:35:12.667{%PARSER_ERROR[thead]}DEBUG com.testssm.o2o.dao.ProductDao.queryProductList - ==> Parameters: 0(Integer), 3(Integer)
2019-04-02 14:37:50.575{%PARSER_ERROR[thead]}DEBUG com.testssm.o2o.dao.ProductDao.queryProductList - ==>  Preparing: SELECT product_id, product_name, product_desc, img_addr, normal_price, promotion_price, priority, create_time, last_edit_time, enable_status, product_category_id, shop_id FROM tb_product ORDER BY priority DESC LIMIT ?,?; 
2019-04-02 14:37:50.657{%PARSER_ERROR[thead]}DEBUG com.testssm.o2o.dao.ProductDao.queryProductList - ==> Parameters: 0(Integer), 3(Integer)
2019-04-02 14:37:50.697{%PARSER_ERROR[thead]}DEBUG com.testssm.o2o.dao.ProductDao.queryProductList - <==      Total: 3
2019-04-02 14:38:09.420{%PARSER_ERROR[thead]}DEBUG com.testssm.o2o.dao.ProductDao.queryProductCount - ==>  Preparing: SELECT count(1) FROM tb_product 
2019-04-02 14:38:09.421{%PARSER_ERROR[thead]}DEBUG com.testssm.o2o.dao.ProductDao.queryProductCount - ==> Parameters: 
2019-04-02 14:38:09.438{%PARSER_ERROR[thead]}DEBUG com.testssm.o2o.dao.ProductDao.queryProductCount - <==      Total: 1
2019-04-02 14:38:59.629{%PARSER_ERROR[thead]}DEBUG com.testssm.o2o.dao.ProductDao.queryProductList - ==>  Preparing: SELECT product_id, product_name, product_desc, img_addr, normal_price, promotion_price, priority, create_time, last_edit_time, enable_status, product_category_id, shop_id FROM tb_product WHERE product_name like '%测试%' ORDER BY priority DESC LIMIT ?,?; 
2019-04-02 14:38:59.630{%PARSER_ERROR[thead]}DEBUG com.testssm.o2o.dao.ProductDao.queryProductList - ==> Parameters: 0(Integer), 3(Integer)
2019-04-02 14:38:59.651{%PARSER_ERROR[thead]}DEBUG com.testssm.o2o.dao.ProductDao.queryProductList - <==      Total: 2
2019-04-02 14:39:09.631{%PARSER_ERROR[thead]}DEBUG com.testssm.o2o.dao.ProductDao.queryProductCount - ==>  Preparing: SELECT count(1) FROM tb_product WHERE product_name like '%测试%' 
2019-04-02 14:39:09.632{%PARSER_ERROR[thead]}DEBUG com.testssm.o2o.dao.ProductDao.queryProductCount - ==> Parameters: 
2019-04-02 14:39:09.638{%PARSER_ERROR[thead]}DEBUG com.testssm.o2o.dao.ProductDao.queryProductCount - <==      Total: 1
2019-04-02 15:07:40.085{%PARSER_ERROR[thead]}DEBUG com.testssm.o2o.dao.ProductDao.queryProductList - ==>  Preparing: SELECT product_id, product_name, product_desc, img_addr, normal_price, promotion_price, priority, create_time, last_edit_time, enable_status, product_category_id, shop_id FROM tb_product ORDER BY priority DESC LIMIT ?,?; 
2019-04-02 15:07:40.207{%PARSER_ERROR[thead]}DEBUG com.testssm.o2o.dao.ProductDao.queryProductList - ==> Parameters: 0(Integer), 3(Integer)
2019-04-02 15:07:40.250{%PARSER_ERROR[thead]}DEBUG com.testssm.o2o.dao.ProductDao.queryProductList - <==      Total: 3
2019-04-02 15:07:41.221{%PARSER_ERROR[thead]}DEBUG com.testssm.o2o.dao.ProductDao.queryProductCount - ==>  Preparing: SELECT count(1) FROM tb_product 
2019-04-02 15:07:41.222{%PARSER_ERROR[thead]}DEBUG com.testssm.o2o.dao.ProductDao.queryProductCount - ==> Parameters: 
2019-04-02 15:07:41.225{%PARSER_ERROR[thead]}DEBUG com.testssm.o2o.dao.ProductDao.queryProductCount - <==      Total: 1
2019-04-02 15:07:41.228{%PARSER_ERROR[thead]}DEBUG com.testssm.o2o.dao.ProductDao.queryProductList - ==>  Preparing: SELECT product_id, product_name, product_desc, img_addr, normal_price, promotion_price, priority, create_time, last_edit_time, enable_status, product_category_id, shop_id FROM tb_product WHERE product_name like '%测试%' ORDER BY priority DESC LIMIT ?,?; 
2019-04-02 15:07:41.228{%PARSER_ERROR[thead]}DEBUG com.testssm.o2o.dao.ProductDao.queryProductList - ==> Parameters: 0(Integer), 3(Integer)
2019-04-02 15:07:41.246{%PARSER_ERROR[thead]}DEBUG com.testssm.o2o.dao.ProductDao.queryProductList - <==      Total: 2
2019-04-02 15:07:41.247{%PARSER_ERROR[thead]}DEBUG com.testssm.o2o.dao.ProductDao.queryProductCount - ==>  Preparing: SELECT count(1) FROM tb_product WHERE product_name like '%测试%' 
2019-04-02 15:07:41.248{%PARSER_ERROR[thead]}DEBUG com.testssm.o2o.dao.ProductDao.queryProductCount - ==> Parameters: 
2019-04-02 15:07:41.252{%PARSER_ERROR[thead]}DEBUG com.testssm.o2o.dao.ProductDao.queryProductCount - <==      Total: 1
2019-04-02 17:07:24.246{%PARSER_ERROR[thead]}DEBUG c.t.o2o.dao.ProductDao.updateProductCategoryToNull - ==>  Preparing: UPDATE tb_product SET product_category_id = null WHERE product_category_id = ? 
2019-04-02 17:07:24.358{%PARSER_ERROR[thead]}DEBUG c.t.o2o.dao.ProductDao.updateProductCategoryToNull - ==> Parameters: 2(Long)
2019-04-02 17:07:24.445{%PARSER_ERROR[thead]}DEBUG c.t.o2o.dao.ProductDao.updateProductCategoryToNull - <==    Updates: 1
2019-04-02 17:17:26.932{%PARSER_ERROR[thead]}DEBUG c.t.o2o.dao.ProductDao.updateProductCategoryToNull - ==>  Preparing: UPDATE tb_product SET product_category_id = null WHERE product_category_id = ? 
2019-04-02 17:17:27.021{%PARSER_ERROR[thead]}DEBUG c.t.o2o.dao.ProductDao.updateProductCategoryToNull - ==> Parameters: 2(Long)
2019-04-02 17:17:27.027{%PARSER_ERROR[thead]}DEBUG c.t.o2o.dao.ProductDao.updateProductCategoryToNull - <==    Updates: 0
